Launching splash2x.barnes...
[PARSEC] Benchmarks to run:  splash2x.barnes

[PARSEC] [========== Running benchmark splash2x.barnes [1] ==========]
[PARSEC] Setting up run directory.
[PARSEC] Unpacking benchmark input 'native'.
input.template
[PARSEC] Running 'time /parsec/ext/splash2x/apps/barnes/inst/amd64-linux.gcc/bin/run.sh 2 native':
[PARSEC] [---------- Beginning of output ----------]
Generating input file input_2...
Running /parsec/ext/splash2x/apps/barnes/inst/amd64-linux.gcc/bin/barnes 2 < input_2:

		Hack code: Plummer model

     nbody     dtime       eps       tol     dtout     tstop    fcells     NPROC
   4194304   0.02500    0.0500      1.00     0.250     0.075      2.00         2

COMPUTESTART  = 1776545121470184
COMPUTEEND    = 1776545180311802
COMPUTETIME   =     58841618
TRACKTIME     =     28557949
PARTITIONTIME =       226030	 0.01
TREEBUILDTIME =      1699544	 0.06
FORCECALCTIME =     26340864	 0.92
RESTTIME      =       291511	 0.01

real	0m59.906s
user	1m57.594s
sys	0m0.790s
[PARSEC] [----------    End of output    ----------]
[PARSEC]
[PARSEC] BIBLIOGRAPHY
[PARSEC]
[PARSEC] [1] Woo et al. The SPLASH-2 Programs: Characterization and Methodological Considerations. ISCA, 1995.
[PARSEC]
[PARSEC] Done.
