Launching splash2x.barnes...
[PARSEC] Benchmarks to run:  splash2x.barnes

[PARSEC] [========== Running benchmark splash2x.barnes [1] ==========]
[PARSEC] Setting up run directory.
[PARSEC] Unpacking benchmark input 'native'.
input.template
[PARSEC] Running 'time /parsec/ext/splash2x/apps/barnes/inst/amd64-linux.gcc/bin/run.sh 4 native':
[PARSEC] [---------- Beginning of output ----------]
Generating input file input_4...
Running /parsec/ext/splash2x/apps/barnes/inst/amd64-linux.gcc/bin/barnes 4 < input_4:

		Hack code: Plummer model

     nbody     dtime       eps       tol     dtout     tstop    fcells     NPROC
   4194304   0.02500    0.0500      1.00     0.250     0.075      2.00         4

COMPUTESTART  = 1776545206727532
COMPUTEEND    = 1776545237714251
COMPUTETIME   =     30986719
TRACKTIME     =     14781517
PARTITIONTIME =       121646	 0.01
TREEBUILDTIME =       857233	 0.06
FORCECALCTIME =     13407557	 0.91
RESTTIME      =       395081	 0.03

real	0m31.873s
user	2m1.076s
sys	0m0.683s
[PARSEC] [----------    End of output    ----------]
[PARSEC]
[PARSEC] BIBLIOGRAPHY
[PARSEC]
[PARSEC] [1] Woo et al. The SPLASH-2 Programs: Characterization and Methodological Considerations. ISCA, 1995.
[PARSEC]
[PARSEC] Done.
