Launching splash2x.barnes...
[PARSEC] Benchmarks to run:  splash2x.barnes

[PARSEC] [========== Running benchmark splash2x.barnes [1] ==========]
[PARSEC] Setting up run directory.
[PARSEC] Unpacking benchmark input 'native'.
input.template
[PARSEC] Running 'time /parsec/ext/splash2x/apps/barnes/inst/amd64-linux.gcc/bin/run.sh 8 native':
[PARSEC] [---------- Beginning of output ----------]
Generating input file input_8...
Running /parsec/ext/splash2x/apps/barnes/inst/amd64-linux.gcc/bin/barnes 8 < input_8:

		Hack code: Plummer model

     nbody     dtime       eps       tol     dtout     tstop    fcells     NPROC
   4194304   0.02500    0.0500      1.00     0.250     0.075      2.00         8

COMPUTESTART  = 1776545263219151
COMPUTEEND    = 1776545287246959
COMPUTETIME   =     24027808
TRACKTIME     =     11726225
PARTITIONTIME =       126427	 0.01
TREEBUILDTIME =       560431	 0.05
FORCECALCTIME =     10897799	 0.93
RESTTIME      =       141568	 0.01

real	0m24.869s
user	3m5.992s
sys	0m0.754s
[PARSEC] [----------    End of output    ----------]
[PARSEC]
[PARSEC] BIBLIOGRAPHY
[PARSEC]
[PARSEC] [1] Woo et al. The SPLASH-2 Programs: Characterization and Methodological Considerations. ISCA, 1995.
[PARSEC]
[PARSEC] Done.
