Launching splash2x.barnes...
[PARSEC] Benchmarks to run:  splash2x.barnes

[PARSEC] [========== Running benchmark splash2x.barnes [1] ==========]
[PARSEC] Setting up run directory.
[PARSEC] Unpacking benchmark input 'native'.
input.template
[PARSEC] Running 'time /parsec/ext/splash2x/apps/barnes/inst/amd64-linux.gcc/bin/run.sh 3 native':
[PARSEC] [---------- Beginning of output ----------]
Generating input file input_3...
Running /parsec/ext/splash2x/apps/barnes/inst/amd64-linux.gcc/bin/barnes 3 < input_3:

		Hack code: Plummer model

     nbody     dtime       eps       tol     dtout     tstop    fcells     NPROC
   4194304   0.02500    0.0500      1.00     0.250     0.075      2.00         3

COMPUTESTART  = 1777406212447321
COMPUTEEND    = 1777406271898396
COMPUTETIME   =     59451075
TRACKTIME     =     27222269
PARTITIONTIME =       177306	 0.01
TREEBUILDTIME =      1444875	 0.05
FORCECALCTIME =     22827423	 0.84
RESTTIME      =      2772665	 0.10

real	1m1.279s
user	2m46.999s
sys	0m6.368s
[PARSEC] [----------    End of output    ----------]
[PARSEC]
[PARSEC] BIBLIOGRAPHY
[PARSEC]
[PARSEC] [1] Woo et al. The SPLASH-2 Programs: Characterization and Methodological Considerations. ISCA, 1995.
[PARSEC]
[PARSEC] Done.
