Launching splash2x.barnes...
[PARSEC] Benchmarks to run:  splash2x.barnes

[PARSEC] [========== Running benchmark splash2x.barnes [1] ==========]
[PARSEC] Setting up run directory.
[PARSEC] Unpacking benchmark input 'native'.
input.template
[PARSEC] Running 'time /parsec/ext/splash2x/apps/barnes/inst/amd64-linux.gcc/bin/run.sh 3 native':
[PARSEC] [---------- Beginning of output ----------]
Generating input file input_3...
Running /parsec/ext/splash2x/apps/barnes/inst/amd64-linux.gcc/bin/barnes 3 < input_3:

		Hack code: Plummer model

     nbody     dtime       eps       tol     dtout     tstop    fcells     NPROC
   4194304   0.02500    0.0500      1.00     0.250     0.075      2.00         3

COMPUTESTART  = 1777496068039294
COMPUTEEND    = 1777496109897696
COMPUTETIME   =     41858402
TRACKTIME     =     20280190
PARTITIONTIME =       144144	 0.01
TREEBUILDTIME =       971190	 0.05
FORCECALCTIME =     18240626	 0.90
RESTTIME      =       924230	 0.05

real	0m42.750s
user	1m58.368s
sys	0m4.652s
[PARSEC] [----------    End of output    ----------]
[PARSEC]
[PARSEC] BIBLIOGRAPHY
[PARSEC]
[PARSEC] [1] Woo et al. The SPLASH-2 Programs: Characterization and Methodological Considerations. ISCA, 1995.
[PARSEC]
[PARSEC] Done.
