Launching splash2x.barnes...
[PARSEC] Benchmarks to run:  splash2x.barnes

[PARSEC] [========== Running benchmark splash2x.barnes [1] ==========]
[PARSEC] Setting up run directory.
[PARSEC] Unpacking benchmark input 'native'.
input.template
[PARSEC] Running 'time /parsec/ext/splash2x/apps/barnes/inst/amd64-linux.gcc/bin/run.sh 1 native':
[PARSEC] [---------- Beginning of output ----------]
Generating input file input_1...
Running /parsec/ext/splash2x/apps/barnes/inst/amd64-linux.gcc/bin/barnes 1 < input_1:

		Hack code: Plummer model

     nbody     dtime       eps       tol     dtout     tstop    fcells     NPROC
   4194304   0.02500    0.0500      1.00     0.250     0.075      2.00         1

COMPUTESTART  = 1776541961141909
COMPUTEEND    = 1776542181727610
COMPUTETIME   =    220585701
TRACKTIME     =    106886308
PARTITIONTIME =      1011376	 0.01
TREEBUILDTIME =      6702111	 0.06
FORCECALCTIME =     98171050	 0.92
RESTTIME      =      1001771	 0.01

real	3m43.558s
user	3m34.352s
sys	0m5.860s
[PARSEC] [----------    End of output    ----------]
[PARSEC]
[PARSEC] BIBLIOGRAPHY
[PARSEC]
[PARSEC] [1] Woo et al. The SPLASH-2 Programs: Characterization and Methodological Considerations. ISCA, 1995.
[PARSEC]
[PARSEC] Done.
